make all --print-data-base --no-builtin-variables --no-builtin-rules --question
# GNU Make 3.81
# Copyright (C) 2006  Free Software Foundation, Inc.
# This is free software; see the source for copying conditions.
# There is NO warranty; not even for MERCHANTABILITY or FITNESS FOR A
# PARTICULAR PURPOSE.

# This program built for i386-apple-darwin11.3.0
 

# Make data base, printed on Thu Apr 13 13:13:40 2023

# Variables

# automatic
<D = $(patsubst %/,%,$(dir $<))
# automatic
?F = $(notdir $?)
# makefile (from `Makefile', line 16)
RST = \033[2K\r
# environment
VSCODE_LOG_NATIVE = false
# automatic
?D = $(patsubst %/,%,$(dir $?))
# makefile (from `Makefile', line 39)
CPPFLAGS = -I./includes
# automatic
@D = $(patsubst %/,%,$(dir $@))
# automatic
@F = $(notdir $@)
# makefile
CURDIR := /Users/ydumaine/webserv
# makefile
SHELL = /bin/sh
# makefile (from `Makefile', line 35)
RM = @rm -rf
# environment
VSCODE_NLS_CONFIG = {"locale":"en-us","availableLanguages":{},"_languagePackSupport":true}
# environment
_ = /usr/bin/make
# makefile (from `Makefile', line 38)
CFLAGS = -Wall -Wextra -std=c++98
# makefile (from `Makefile', line 1)
MAKEFILE_LIST :=  Makefile
# environment
VSCODE_VERBOSE_LOGGING = true
# makefile (from `Makefile', line 32)
OBJS_CLIENT = $(addprefix $(OBJS_DIR), $(notdir $(SRCS_CLIENT:.cpp=.o)))
# environment
VSCODE_IPC_HOOK_EXTHOST = /var/folders/zz/zyxvpxvq6csfxvn_n000cb8h0032t4/T/vscode-ipc-4db4759d-86a3-41ea-96d1-4dc43b159001.sock
# environment
VSCODE_CWD = /
# environment
PATH = /Users/ydumaine/.docker/bin:/Users/ydumaine/.brew/bin:/usr/local/bin:/usr/bin:/bin:/usr/sbin:/sbin:/usr/local/munki:/Library/Apple/usr/bin
# makefile (from `Makefile', line 21)
SRCS_SERVER = srcs/server.cpp srcs/Settings.cpp srcs/Config.cpp srcs/Request.cpp srcs/Cgi.cpp 
# makefile (from `Makefile', line 17)
END = \033[0m
# makefile (from `Makefile', line 40)
DEBEUG = -g3 
# makefile (from `Makefile', line 29)
NAME_SERVER = server
# environment
LaunchInstanceID = 25B2825C-3FAF-4EC8-9E40-1E46B67735EC
# environment
VSCODE_LOG_STACK = false
# environment
ELECTRON_RUN_AS_NODE = 1
# default
.FEATURES := target-specific order-only second-expansion else-if archives jobserver check-symlink
# makefile (from `Makefile', line 14)
GRN = \033[0;32m
# environment
SSH_AUTH_SOCK = /private/tmp/com.apple.launchd.3ACljRViT8/Listeners
# automatic
%F = $(notdir $%)
# environment
HOMEBREW_TEMP = /tmp/ydumaine/Homebrew/Temp
# environment
VSCODE_PIPE_LOGGING = true
# environment
PWD = /Users/ydumaine/webserv
# environment
ORIGINAL_XDG_CURRENT_DESKTOP = undefined
# makefile (from `Makefile', line 13)
BLU = \033[0;34m
# environment
VSCODE_AMD_ENTRYPOINT = vs/workbench/api/node/extensionHostProcess
# environment
HOME = /Users/ydumaine
# default
MAKEFILEPATH = $(shell /usr/bin/xcode-select -print-path 2>/dev/null || echo /Developer)/Makefiles
# environment
VSCODE_CODE_CACHE_PATH = /Users/ydumaine/Library/Application Support/Code/CachedData/30d9c6cd9483b2cc586687151bcbcd635f373630
# environment
LOGNAME = ydumaine
# environment
APPLICATION_INSIGHTS_NO_DIAGNOSTIC_CHANNEL = 1
# environment
VSCODE_HANDLES_UNCAUGHT_ERRORS = true
# automatic
^D = $(patsubst %/,%,$(dir $^))
# environment
XPC_FLAGS = 0x0
# default
MAKE = $(MAKE_COMMAND)
# default
MAKECMDGOALS := all
# environment
HOMEBREW_CACHE = /tmp/ydumaine/Homebrew/Caches
# environment
SHLVL = 1
# makefile (from `Makefile', line 36)
CC = g++
# default
MAKE_VERSION := 3.81
# environment
USER = ydumaine
# makefile (from `Makefile', line 18)
CHECK = ✓
# makefile
.DEFAULT_GOAL := all
# automatic
%D = $(patsubst %/,%,$(dir $%))
# makefile (from `Makefile', line 33)
OBJS_SERVER = $(addprefix $(OBJS_DIR), $(notdir $(SRCS_SERVER:.cpp=.o)))
# default
MAKE_COMMAND := /Library/Developer/CommandLineTools/usr/bin/make
# default
.VARIABLES := 
# environment
TMPDIR = /var/folders/zz/zyxvpxvq6csfxvn_n000cb8h0032t4/T/
# automatic
*F = $(notdir $*)
# environment
VSCODE_IPC_HOOK = /Users/ydumaine/Library/Application Support/Code/1.68.1-main.sock
# makefile (from `Makefile', line 15)
RED = \033[0;31m
# makefile
MAKEFLAGS = Rrqp
# environment
MFLAGS = -Rrqp
# automatic
*D = $(patsubst %/,%,$(dir $*))
# environment
XPC_SERVICE_NAME = com.apple.xpc.launchd.oneshot.0x10000001.Electron
# makefile (from `Makefile', line 31)
OBJS_DIR = objs/
# automatic
+D = $(patsubst %/,%,$(dir $+))
# automatic
+F = $(notdir $+)
# environment
__CF_USER_TEXT_ENCODING = 0x18B44:0x0:0x0
# environment
COMMAND_MODE = unix2003
# default
MAKEFILES := 
# makefile (from `Makefile', line 20)
SRCS_CLIENT = srcs/client.cpp
# automatic
<F = $(notdir $<)
# environment
LC_ALL = C
# environment
SECURITYSESSIONID = 186a7
# automatic
^F = $(notdir $^)
# default
SUFFIXES := 
# default
.INCLUDE_DIRS = /usr/local/include
# makefile (from `Makefile', line 28)
NAME_CLIENT = client
# environment
MAKELEVEL := 0
# environment
LANG = C
# environment
VSCODE_PID = 30706
# variable set hash-table stats:
# Load=83/1024=8%, Rehash=0, Collisions=6/118=5%

# Pattern-specific Variable Values

# No pattern-specific variable values.

# Directories

# . (device 16777225, inode 7230152): 19 files, no impossibilities.
# srcs (device 16777225, inode 7230232): 9 files, no impossibilities.

# 28 files, no impossibilities in 2 directories.

# Implicit Rules

objs/%.o: srcs/*%.cpp
#  commands to execute (from `Makefile', line 47):
	@mkdir -p $(OBJS_DIR)
	@${CC} $(CPPFLAGS) -o $@ -c $< ${CFLAGS} ${DEBEUG}
	@printf	"$(RST) ${BLU}$ [BUILD]${RST} '$<' $(END)"
	

# 1 implicit rules, 0 (0.0%) terminal.

# Files

# Not a target:
srcs/client.cpp:
#  Implicit rule search has been done.
#  Last modified 2023-03-20 09:47:52
#  File has been updated.
#  Successfully updated.
# variable set hash-table stats:
# Load=0/32=0%, Rehash=0, Collisions=0/0=0%

# Not a target:
srcs/Cgi.cpp:
#  Implicit rule search has been done.
#  Last modified 2023-04-13 11:27:38
#  File has been updated.
#  Successfully updated.
# variable set hash-table stats:
# Load=0/32=0%, Rehash=0, Collisions=0/0=0%

objs/Request.o: srcs/Request.cpp
#  Implicit rule search has been done.
#  Implicit/static pattern stem: `Request'
#  Last modified 2023-04-13 13:11:48
#  File has been updated.
#  Successfully updated.
# variable set hash-table stats:
# Load=0/32=0%, Rehash=0, Collisions=0/0=0%
#  commands to execute (from `Makefile', line 47):
	@mkdir -p $(OBJS_DIR)
	@${CC} $(CPPFLAGS) -o $@ -c $< ${CFLAGS} ${DEBEUG}
	@printf	"$(RST) ${BLU}$ [BUILD]${RST} '$<' $(END)"
	

all: server client
#  Phony target (prerequisite of .PHONY).
#  Command-line target.
#  Implicit rule search has not been done.
#  File does not exist.
#  File has been updated.
#  Successfully updated.
# variable set hash-table stats:
# Load=0/32=0%, Rehash=0, Collisions=0/0=0%

client: objs/client.o
#  Implicit rule search has not been done.
#  Last modified 2023-04-13 13:11:50
#  File has been updated.
#  Successfully updated.
# variable set hash-table stats:
# Load=0/32=0%, Rehash=0, Collisions=0/0=0%
#  commands to execute (from `Makefile', line 53):
	@$(CC) $(OBJS_CLIENT) -o $@ $(CFLAGS) ${DEBEUG}
	@echo "$(RST) $(GRN)[Compiled] $(END)	./$(NAME_CLIENT)	$(CHECK) "
	

.PHONY: all clean fclean re
#  Implicit rule search has not been done.
#  Modification time never checked.
#  File has not been updated.

# Not a target:
srcs/Config.cpp:
#  Implicit rule search has been done.
#  Last modified 2023-04-13 11:27:38
#  File has been updated.
#  Successfully updated.
# variable set hash-table stats:
# Load=0/32=0%, Rehash=0, Collisions=0/0=0%

# Not a target:
.SUFFIXES:
#  Implicit rule search has not been done.
#  Modification time never checked.
#  File has not been updated.

objs/Settings.o: srcs/Settings.cpp
#  Implicit rule search has been done.
#  Implicit/static pattern stem: `Settings'
#  Last modified 2023-04-13 13:11:46
#  File has been updated.
#  Successfully updated.
# variable set hash-table stats:
# Load=0/32=0%, Rehash=0, Collisions=0/0=0%
#  commands to execute (from `Makefile', line 47):
	@mkdir -p $(OBJS_DIR)
	@${CC} $(CPPFLAGS) -o $@ -c $< ${CFLAGS} ${DEBEUG}
	@printf	"$(RST) ${BLU}$ [BUILD]${RST} '$<' $(END)"
	

# Not a target:
Makefile:
#  Implicit rule search has been done.
#  Last modified 2023-04-04 19:35:49
#  File has been updated.
#  Successfully updated.
# variable set hash-table stats:
# Load=0/32=0%, Rehash=0, Collisions=0/0=0%

server: objs/server.o objs/Settings.o objs/Config.o objs/Request.o objs/Cgi.o
#  Implicit rule search has not been done.
#  Last modified 2023-04-13 13:11:49
#  File has been updated.
 
#  Successfully updated.
# variable set hash-table stats:
# Load=0/32=0%, Rehash=0, Collisions=0/0=0%
#  commands to execute (from `Makefile', line 57):
	@$(CC) $(OBJS_SERVER) -o $@ $(CFLAGS) ${DEBEUG}
	@echo "$(RST) $(GRN)[Compiled]$(END)	./$(NAME_SERVER)	$(CHECK)"
	

# Not a target:
srcs/server.cpp:
#  Implicit rule search has been done.
#  Last modified 2023-04-13 11:27:38
#  File has been updated.
#  Successfully updated.
# variable set hash-table stats:
# Load=0/32=0%, Rehash=0, Collisions=0/0=0%

fclean: clean
#  Phony target (prerequisite of .PHONY).
#  Implicit rule search has not been done.
#  File does not exist.
#  File has not been updated.
#  commands to execute (from `Makefile', line 66):
	${RM} $(NAME_CLIENT) $(NAME_SERVER) $(OBJS_DIR)
	@echo "$(GRN) [Fclean]$(END)	$(CHECK)"
	

# Not a target:
srcs/Request.cpp:
#  Implicit rule search has been done.
#  Last modified 2023-04-13 11:27:38
#  File has been updated.
#  Successfully updated.
# variable set hash-table stats:
# Load=0/32=0%, Rehash=0, Collisions=0/0=0%

# Not a target:
.DEFAULT:
#  Implicit rule search has not been done.
#  Modification time never checked.
#  File has not been updated.

objs/Cgi.o: srcs/Cgi.cpp
#  Implicit rule search has been done.
#  Implicit/static pattern stem: `Cgi'
#  Last modified 2023-04-13 13:11:49
#  File has been updated.
#  Successfully updated.
# variable set hash-table stats:
# Load=0/32=0%, Rehash=0, Collisions=0/0=0%
#  commands to execute (from `Makefile', line 47):
	@mkdir -p $(OBJS_DIR)
	@${CC} $(CPPFLAGS) -o $@ -c $< ${CFLAGS} ${DEBEUG}
	@printf	"$(RST) ${BLU}$ [BUILD]${RST} '$<' $(END)"
	

re: fclean all
#  Phony target (prerequisite of .PHONY).
#  Implicit rule search has not been done.
#  File does not exist.
#  File has not been updated.

clean:
#  Phony target (prerequisite of .PHONY).
#  Implicit rule search has not been done.
#  File does not exist.
#  File has not been updated.
#  commands to execute (from `Makefile', line 62):
	${RM} $(OBJS_CLIENT) $(OBJS_SERVER)
	@echo "$(GRN) [Clean]$(END)	$(CHECK)"
	

# Not a target:
srcs/Settings.cpp:
#  Implicit rule search has been done.
#  Last modified 2023-04-13 13:11:43
#  File has been updated.
#  Successfully updated.
# variable set hash-table stats:
# Load=0/32=0%, Rehash=0, Collisions=0/0=0%

objs/client.o: srcs/client.cpp
#  Implicit rule search has been done.
#  Implicit/static pattern stem: `client'
#  Last modified 2023-04-13 13:11:50
#  File has been updated.
#  Successfully updated.
# variable set hash-table stats:
# Load=0/32=0%, Rehash=0, Collisions=0/0=0%
#  commands to execute (from `Makefile', line 47):
	@mkdir -p $(OBJS_DIR)
	@${CC} $(CPPFLAGS) -o $@ -c $< ${CFLAGS} ${DEBEUG}
	@printf	"$(RST) ${BLU}$ [BUILD]${RST} '$<' $(END)"
	

parsing: client
#  Implicit rule search has not been done.
#  Modification time never checked.
#  File has not been updated.

objs/Config.o: srcs/Config.cpp
#  Implicit rule search has been done.
#  Implicit/static pattern stem: `Config'
#  Last modified 2023-04-13 13:11:47
#  File has been updated.
#  Successfully updated.
# variable set hash-table stats:
# Load=0/32=0%, Rehash=0, Collisions=0/0=0%
#  commands to execute (from `Makefile', line 47):
	@mkdir -p $(OBJS_DIR)
	@${CC} $(CPPFLAGS) -o $@ -c $< ${CFLAGS} ${DEBEUG}
	@printf	"$(RST) ${BLU}$ [BUILD]${RST} '$<' $(END)"
	

objs/server.o: srcs/server.cpp
#  Implicit rule search has been done.
#  Implicit/static pattern stem: `server'
#  Last modified 2023-04-13 13:11:45
#  File has been updated.
#  Successfully updated.
# variable set hash-table stats:
# Load=0/32=0%, Rehash=0, Collisions=0/0=0%
#  commands to execute (from `Makefile', line 47):
	@mkdir -p $(OBJS_DIR)
	@${CC} $(CPPFLAGS) -o $@ -c $< ${CFLAGS} ${DEBEUG}
	@printf	"$(RST) ${BLU}$ [BUILD]${RST} '$<' $(END)"
	

# files hash-table stats:
# Load=23/1024=2%, Rehash=0, Collisions=11/70=16%
# VPATH Search Paths

# No `vpath' search paths.

# No general (`VPATH' variable) search path.

# # of strings in strcache: 1
# # of strcache buffers: 1
# strcache size: total = 4096 / max = 4096 / min = 4096 / avg = 4096
# strcache free: total = 4087 / max = 4087 / min = 4087 / avg = 4087

# Finished Make data base on Thu Apr 13 13:13:40 2023

 
